\BOOKMARK [0][-]{chapter*.2}{Introducci\363n}{}% 1
\BOOKMARK [0][-]{chapter.1}{Marco te\363rico}{}% 2
\BOOKMARK [1][-]{section.1.1}{Rayos C\363smicos}{chapter.1}% 3
\BOOKMARK [2][-]{subsection.1.1.1}{Descubrimiento y naturaleza de los RC}{section.1.1}% 4
\BOOKMARK [2][-]{subsection.1.1.2}{Producci\363n de RC}{section.1.1}% 5
\BOOKMARK [2][-]{subsection.1.1.3}{Fuentes de RC}{section.1.1}% 6
\BOOKMARK [2][-]{subsection.1.1.4}{Propagaci\363n de RC}{section.1.1}% 7
\BOOKMARK [1][-]{section.1.2}{Interacciones de los RC}{chapter.1}% 8
\BOOKMARK [2][-]{subsection.1.2.1}{Interacciones electromagn\351ticas}{section.1.2}% 9
\BOOKMARK [2][-]{subsection.1.2.2}{Interacciones hadr\363nicas}{section.1.2}% 10
\BOOKMARK [1][-]{section.1.3}{Chubascos atmosf\351ricos}{chapter.1}% 11
\BOOKMARK [2][-]{subsection.1.3.1}{Atm\363sfera terrestre}{section.1.3}% 12
\BOOKMARK [2][-]{subsection.1.3.2}{Desarrollo de un chubasco atmosf\351rico}{section.1.3}% 13
\BOOKMARK [2][-]{subsection.1.3.3}{M\351todos de observaci\363n}{section.1.3}% 14
\BOOKMARK [1][-]{section.1.4}{Estado del conocimiento}{chapter.1}% 15
\BOOKMARK [0][-]{chapter.2}{Planteamiento del problema}{}% 16
\BOOKMARK [1][-]{section.2.1}{Objetivos}{chapter.2}% 17
\BOOKMARK [1][-]{section.2.2}{Preguntas de investigaci\363n}{chapter.2}% 18
\BOOKMARK [1][-]{section.2.3}{Justificaci\363n}{chapter.2}% 19
\BOOKMARK [1][-]{section.2.4}{Viabilidad}{chapter.2}% 20
\BOOKMARK [0][-]{chapter.3}{Metodolog\355a}{}% 21
\BOOKMARK [1][-]{section.3.1}{Simulaciones de chubascos producidos por UHECR}{chapter.3}% 22
\BOOKMARK [2][-]{subsection.3.1.1}{Caracter\355sticas de los chubascos}{section.3.1}% 23
\BOOKMARK [1][-]{section.3.2}{Software para simulaciones de altas energ\355as}{chapter.3}% 24
\BOOKMARK [2][-]{subsection.3.2.1}{Sistema de coordenadas}{section.3.2}% 25
\BOOKMARK [2][-]{subsection.3.2.2}{Atm\363sfera}{section.3.2}% 26
\BOOKMARK [2][-]{subsection.3.2.3}{Campo geomagn\351tico}{section.3.2}% 27
\BOOKMARK [2][-]{subsection.3.2.4}{Estructura de los programas de simulaci\363n}{section.3.2}% 28
\BOOKMARK [2][-]{subsection.3.2.5}{Muestreo de part\355culas}{section.3.2}% 29
\BOOKMARK [1][-]{section.3.3}{An\341lisis de resultados de simulaciones}{chapter.3}% 30
\BOOKMARK [0][-]{chapter.4}{Cronograma de actividades}{}% 31
